<?xml version="1.0" encoding="UTF-8"?>
<!-- Generated by org.testng.reporters.JUnitXMLReporter -->
<testsuite hostname="TL0020" ignored="0" name="Test" tests="4" failures="0" timestamp="2023-06-10T18:36:58 IST" time="42.57" errors="0">
  <testcase name="loginTest" time="3.019" classname="testcase.LoginTest"/>
  <testcase name="loginTest" time="3.062" classname="testcase.LoginTest"/>
  <testcase name="createLeadTest" time="15.347" classname="testcase.CreateLeadTest"/>
  <testcase name="createLeadTest" time="13.526" classname="testcase.CreateLeadTest"/>
</testsuite> <!-- Test -->
